
Database             Time                 Version
-------------------- -------------------- ------------------------------
Start: ORCL          27-JUN-2020 07:51:12 Version 19.3.0.0.0

Create type Table_Count

Type created.

No errors.

Type body created.

No errors.
Create table with trigger

Table dropped.


Table created.


Trigger created.

Create package Timer_Set_Test

Package created.

No errors.

Package body created.

No errors.

'END:'||TO_CHAR(SYSDATE,'DD-MON-YY
----------------------------------
End: 27-JUN-2020 07:51:12

