
Database             Time                 Version
-------------------- -------------------- ------------------------------
Start: ORCL          27-JUN-2020 07:53:00 Version 19.3.0.0.0

B1: Construct timer set; DBMS_Lock.Sleep, 3 + 6; insert to trigger_tab; write timer set
Timer Set: Profiling DBMS_Lock.Sleep, Constructed at 27 Jun 2020 07:53:00, written at 07:53:11
==============================================================================================
Timer                                       Elapsed         CPU       Calls       Ela/Call       CPU/Call
---------------------------------------  ----------  ----------  ----------  -------------  -------------
3 second sleep                                 3.00        0.00           1        3.00000        0.00000
INSERT INTO trigger_tab VALUES (2, 0.5)        2.00        1.00           1        1.99900        1.00000
6 second sleep                                 6.00        0.00           1        6.00000        0.00000
(Other)                                        0.00        0.00           1        0.00000        0.00000
---------------------------------------  ----------  ----------  ----------  -------------  -------------
Total                                         11.00        1.00           4        2.74975        0.25000
---------------------------------------  ----------  ----------  ----------  -------------  -------------
[Timer timed (per call in ms): Elapsed: 0.00980, CPU: 0.00980]

PL/SQL procedure successfully completed.

Elapsed: 00:00:11.10

'END:'||TO_CHAR(SYSDATE,'DD-MON-YY
----------------------------------
End: 27-JUN-2020 07:53:11

