
Database             Time                 Version
-------------------- -------------------- ------------------------------
Start: ORCL          27-JUN-2020 07:51:32 Version 19.3.0.0.0

B1: Start profiling; A_Calls_B

PL/SQL procedure successfully completed.

Elapsed: 00:00:00.14
SQL: Static DB function call

    DBFUNC
----------
        99

Elapsed: 00:00:00.03
B2: Static DB function; dynamic SQL; object constructor

PL/SQL procedure successfully completed.

Elapsed: 00:00:01.79
B3: R_Calls_R; stop profiling
In R_Calls_R, x_call_no = 0
In R_Calls_R, x_call_no = 1
Run id is 1

PL/SQL procedure successfully completed.

Elapsed: 00:00:00.10
Run header (DBMSHP_RUNS)

 Run Id Run Time                      Microsecs Seconds Comment
------- ---------------------------- ---------- ------- ------------------------------------------------------------
      1 27-JUN-20 07.51.34.698000 AM    1976737   1.980 Profile for small test program with recursion

Functions called (DBMSHP_FUNCTION_INFO)

Owner Module            Sy Function                  Line# Subtree MicroS Function MicroS Calls
----- ---------------- --- ------------------------- ----- -------------- --------------- -----
APP   HPROF_UTILS        4 STOP_PROFILING               61             26              26     1
APP   PROF_TEST          5 A_CALLS_B                    71         128199            9631     1
APP   PROF_TEST          6 A_CALLS_B@1                  71          87951           27332     1
APP   PROF_TEST          7 B_CALLS_A                    63         118568           30617     1
APP   PROF_TEST          8 B_CALLS_A@1                  63          60619           60619     1
APP   PROF_TEST          9 DBFUNC                      134          62114           62114     2
APP   PROF_TEST         10 R_CALLS_R                   114          27684            9234     1
APP   PROF_TEST         11 R_CALLS_R@1                 114          18428           18426     1
APP   PROF_TEST         12 __pkg_init                    0              3               3     1
APP   TABLE_COUNT_TYPE  13 TABLE_COUNT_TYPE             50         521332              31     1
APP   TABLE_COUNT_TYPE  22 __static_sql_exec_line55     55         521301          521301     1
SYS   DBMS_HPROF        14 STOP_PROFILING              747              0               0     1
SYS   DBMS_HPROF        23 __static_sql_exec_line700   700             67              67     1
SYS   DBMS_OUTPUT       15 GET_LINES                   180             79              79     3
SYS   DBMS_OUTPUT       16 NEW_LINE                    117              0               0     2
SYS   DBMS_OUTPUT       17 PUT                          77             23              23     2
SYS   DBMS_OUTPUT       18 PUT_LINE                    109             24               1     2
                         1 __anonymous_block             0        1818326             590     5
                         2 __plsql_vm                    0        1848468              17     6
                         3 __plsql_vm@1                  0          31993               4     1
                        19 __dyn_sql_exec_line12        12         133537          133537     1
                        20 __sql_fetch_line13           13        1100678         1100678     1
                        21 __static_sql_exec_line8       8          34400            2407     1

23 rows selected.

Function call parent-child links (DBMSHP_PARENT_CHILD_INFO)

Parent: Module            Sy Function                       Child:  Module            Sy Function                       Subtree MicroS Function MicroS Calls
------- ---------------- --- ------------------------------ ------- ---------------- --- ------------------------------ -------------- --------------- -----
APP     HPROF_UTILS        4 STOP_PROFILING                 SYS     DBMS_HPROF        14 STOP_PROFILING                              0               0     1
APP     PROF_TEST          5 A_CALLS_B                      APP     PROF_TEST          7 B_CALLS_A                              118568           30617     1
APP     PROF_TEST          7 B_CALLS_A                      APP     PROF_TEST          6 A_CALLS_B@1                             87951           27332     1
APP     PROF_TEST         11 R_CALLS_R@1                    SYS     DBMS_OUTPUT       18 PUT_LINE                                    2               0     1
APP     PROF_TEST          6 A_CALLS_B@1                    APP     PROF_TEST          8 B_CALLS_A@1                             60619           60619     1
APP     PROF_TEST         10 R_CALLS_R                      APP     PROF_TEST         11 R_CALLS_R@1                             18428           18426     1
APP     PROF_TEST         10 R_CALLS_R                      SYS     DBMS_OUTPUT       18 PUT_LINE                                   22               1     1
APP     TABLE_COUNT_TYPE  13 TABLE_COUNT_TYPE               APP     TABLE_COUNT_TYPE  22 __static_sql_exec_line55               521301          521301     1
SYS     DBMS_OUTPUT       18 PUT_LINE                       SYS     DBMS_OUTPUT       17 PUT                                        23              23     2
SYS     DBMS_OUTPUT       18 PUT_LINE                       SYS     DBMS_OUTPUT       16 NEW_LINE                                    0               0     2
                           1 __anonymous_block                                        21 __static_sql_exec_line8                 34400            2407     1
                           1 __anonymous_block                                        20 __sql_fetch_line13                    1100678         1100678     1
                           1 __anonymous_block                                        19 __dyn_sql_exec_line12                  133537          133537     1
                           1 __anonymous_block              SYS     DBMS_OUTPUT       15 GET_LINES                                  79              79     3
                           1 __anonymous_block              APP     TABLE_COUNT_TYPE  13 TABLE_COUNT_TYPE                       521332              31     1
                           1 __anonymous_block              APP     PROF_TEST         10 R_CALLS_R                               27684            9234     1
                           3 __plsql_vm@1                   APP     PROF_TEST          9 DBFUNC                                  31989           31989     1
                           2 __plsql_vm                     APP     PROF_TEST          9 DBFUNC                                  30125           30125     1
                           1 __anonymous_block              APP     HPROF_UTILS        4 STOP_PROFILING                             26              26     1
                           2 __plsql_vm                                                1 __anonymous_block                     1818326             590     5
                          21 __static_sql_exec_line8                                   3 __plsql_vm@1                            31993               4     1

21 rows selected.

Connect By (may have duplicate links)

Function tree                   Sy Owner Module           Subtree MicroS Function MicroS Calls
------------------------------ --- ----- ---------------- -------------- --------------- -----
__plsql_vm                       2                               1848468              17     6
  __anonymous_block              1                               1818326             590     5
    __sql_fetch_line13          20                               1100678         1100678     1
    TABLE_COUNT_TYPE            13 APP   TABLE_COUNT_TYPE         521332              31     1
      __static_sql_exec_line55  22 APP   TABLE_COUNT_TYPE         521301          521301     1
    __dyn_sql_exec_line12       19                                133537          133537     1
    __static_sql_exec_line8     21                                 34400            2407     1
      __plsql_vm@1               3                                 31993               4     1
        DBFUNC                   9 APP   PROF_TEST                 31989           31989     1
    R_CALLS_R                   10 APP   PROF_TEST                 27684            9234     1
      R_CALLS_R@1               11 APP   PROF_TEST                 18428           18426     1
        PUT_LINE                18 SYS   DBMS_OUTPUT                   2               0     1
          PUT                   17 SYS   DBMS_OUTPUT                  23              23     2
          NEW_LINE              16 SYS   DBMS_OUTPUT                   0               0     2
      PUT_LINE                  18 SYS   DBMS_OUTPUT                  22               1     1
        PUT                     17 SYS   DBMS_OUTPUT                  23              23     2
        NEW_LINE                16 SYS   DBMS_OUTPUT                   0               0     2
    GET_LINES                   15 SYS   DBMS_OUTPUT                  79              79     3
    STOP_PROFILING               4 APP   HPROF_UTILS                  26              26     1
      STOP_PROFILING            14 SYS   DBMS_HPROF                    0               0     1
  DBFUNC                         9 APP   PROF_TEST                 30125           30125     1
A_CALLS_B                        5 APP   PROF_TEST                128199            9631     1
  B_CALLS_A                      7 APP   PROF_TEST                118568           30617     1
    A_CALLS_B@1                  6 APP   PROF_TEST                 87951           27332     1
      B_CALLS_A@1                8 APP   PROF_TEST                 60619           60619     1
__static_sql_exec_line700       23 SYS   DBMS_HPROF                   67              67     1
__pkg_init                      12 APP   PROF_TEST                     3               3     1

27 rows selected.

BPF Recursive Subquery Factor Tree Query

Function tree                   Sy Owner Module           Inst.  Subtree MicroS Function MicroS Calls Row
------------------------------ --- ----- ---------------- ------ -------------- --------------- ----- ---
__plsql_vm                       2                                      1848468              17     6   1
  __anonymous_block              1                                      1818326             590     5   2
    __sql_fetch_line13          20                                      1100678         1100678     1   3
    TABLE_COUNT_TYPE            13 APP   TABLE_COUNT_TYPE                521332              31     1   4
      __static_sql_exec_line55  22 APP   TABLE_COUNT_TYPE                521301          521301     1   5
    __dyn_sql_exec_line12       19                                       133537          133537     1   6
    __static_sql_exec_line8     21                                        34400            2407     1   7
      __plsql_vm@1               3                                        31993               4     1   8
        DBFUNC                   9 APP   PROF_TEST        1 of 2          31989           31989     1   9
    R_CALLS_R                   10 APP   PROF_TEST                        27684            9234     1  10
      R_CALLS_R@1               11 APP   PROF_TEST                        18428           18426     1  11
        PUT_LINE                18 SYS   DBMS_OUTPUT      1 of 2              2               0     1  12
          PUT                   17 SYS   DBMS_OUTPUT      1 of 2             23              23     2  13
          NEW_LINE              16 SYS   DBMS_OUTPUT      1 of 2              0               0     2  14
      PUT_LINE                  18 SYS   DBMS_OUTPUT      2 of 2             22               1     1  15
    GET_LINES                   15 SYS   DBMS_OUTPUT                         79              79     3  18
    STOP_PROFILING               4 APP   HPROF_UTILS                         26              26     1  19
      STOP_PROFILING            14 SYS   DBMS_HPROF                           0               0     1  20
  DBFUNC                         9 APP   PROF_TEST        2 of 2          30125           30125     1  21
A_CALLS_B                        5 APP   PROF_TEST                       128199            9631     1  22
  B_CALLS_A                      7 APP   PROF_TEST                       118568           30617     1  23
    A_CALLS_B@1                  6 APP   PROF_TEST                        87951           27332     1  24
      B_CALLS_A@1                8 APP   PROF_TEST                        60619           60619     1  25
__static_sql_exec_line700       23 SYS   DBMS_HPROF                          67              67     1  26
__pkg_init                      12 APP   PROF_TEST                            3               3     1  27

25 rows selected.


'END:'||TO_CHAR(SYSDATE,'DD-MON-YY
----------------------------------
End: 27-JUN-2020 07:51:34

